[0.006s] Invoking command in '/home/lsz/ros2_ins_ws/build/ins_listener': CMAKE_PREFIX_PATH=/opt/ros/humble /usr/bin/cmake /home/lsz/ros2_ins_ws/src/ins_listener -DAMENT_CMAKE_SYMLINK_INSTALL=1 -DCMAKE_INSTALL_PREFIX=/home/lsz/ros2_ins_ws/install/ins_listener
[0.014s] -- Found ament_cmake: 1.3.11 (/opt/ros/humble/share/ament_cmake/cmake)
[0.092s] -- Override CMake install command with custom implementation using symlinks instead of copying resources
[0.096s] -- Found nav_msgs: 4.8.0 (/opt/ros/humble/share/nav_msgs/cmake)
[0.110s] -- Found rosidl_generator_c: 3.1.6 (/opt/ros/humble/share/rosidl_generator_c/cmake)
[0.111s] -- Found rosidl_adapter: 3.1.6 (/opt/ros/humble/share/rosidl_adapter/cmake)
[0.115s] -- Found rosidl_generator_cpp: 3.1.6 (/opt/ros/humble/share/rosidl_generator_cpp/cmake)
[0.121s] -- Using all available rosidl_typesupport_c: rosidl_typesupport_fastrtps_c;rosidl_typesupport_introspection_c
[0.128s] -- Using all available rosidl_typesupport_cpp: rosidl_typesupport_fastrtps_cpp;rosidl_typesupport_introspection_cpp
[0.159s] -- Found rclcpp: 16.0.12 (/opt/ros/humble/share/rclcpp/cmake)
[0.174s] -- Found rmw_implementation_cmake: 6.1.2 (/opt/ros/humble/share/rmw_implementation_cmake/cmake)
[0.175s] -- Found rmw_fastrtps_cpp: 6.2.7 (/opt/ros/humble/share/rmw_fastrtps_cpp/cmake)
[0.238s] -- Using RMW implementation 'rmw_fastrtps_cpp' as default
[0.261s] -- Found sensor_msgs: 4.8.0 (/opt/ros/humble/share/sensor_msgs/cmake)
[0.271s] -- Found tf2: 0.25.12 (/opt/ros/humble/share/tf2/cmake)
[0.273s] -- Found tf2_ros: 0.25.12 (/opt/ros/humble/share/tf2_ros/cmake)
[0.327s] [31mCMake Error at CMakeLists.txt:17 (find_package):
[0.328s]   By not providing "Findlaunch.cmake" in CMAKE_MODULE_PATH this project has
[0.328s]   asked CMake to find a package configuration file provided by "launch", but
[0.328s]   CMake did not find one.
[0.328s] 
[0.328s]   Could not find a package configuration file provided by "launch" with any
[0.328s]   of the following names:
[0.328s] 
[0.328s]     launchConfig.cmake
[0.328s]     launch-config.cmake
[0.328s] 
[0.328s]   Add the installation prefix of "launch" to CMAKE_PREFIX_PATH or set
[0.328s]   "launch_DIR" to a directory containing one of the above files.  If "launch"
[0.328s]   provides a separate development package or SDK, be sure it has been
[0.328s]   installed.
[0.328s] 
[0.328s] [0m
[0.328s] -- Configuring incomplete, errors occurred!
[0.328s] See also "/home/lsz/ros2_ins_ws/build/ins_listener/CMakeFiles/CMakeOutput.log".
[0.334s] Invoked command in '/home/lsz/ros2_ins_ws/build/ins_listener' returned '1': CMAKE_PREFIX_PATH=/opt/ros/humble /usr/bin/cmake /home/lsz/ros2_ins_ws/src/ins_listener -DAMENT_CMAKE_SYMLINK_INSTALL=1 -DCMAKE_INSTALL_PREFIX=/home/lsz/ros2_ins_ws/install/ins_listener
