[0.007s] Invoking command in '/home/lsz/ros2_ins_ws/build/ins_listener': CMAKE_PREFIX_PATH=/opt/ros/humble /usr/bin/cmake --build /home/lsz/ros2_ins_ws/build/ins_listener -- -j8 -l8
[0.022s] -- Found ament_cmake: 1.3.11 (/opt/ros/humble/share/ament_cmake/cmake)
[0.097s] -- Override CMake install command with custom implementation using symlinks instead of copying resources
[0.101s] -- Found nav_msgs: 4.8.0 (/opt/ros/humble/share/nav_msgs/cmake)
[0.116s] -- Found rosidl_generator_c: 3.1.6 (/opt/ros/humble/share/rosidl_generator_c/cmake)
[0.117s] -- Found rosidl_adapter: 3.1.6 (/opt/ros/humble/share/rosidl_adapter/cmake)
[0.121s] -- Found rosidl_generator_cpp: 3.1.6 (/opt/ros/humble/share/rosidl_generator_cpp/cmake)
[0.126s] -- Using all available rosidl_typesupport_c: rosidl_typesupport_fastrtps_c;rosidl_typesupport_introspection_c
[0.134s] -- Using all available rosidl_typesupport_cpp: rosidl_typesupport_fastrtps_cpp;rosidl_typesupport_introspection_cpp
[0.164s] -- Found rclcpp: 16.0.12 (/opt/ros/humble/share/rclcpp/cmake)
[0.180s] -- Found rmw_implementation_cmake: 6.1.2 (/opt/ros/humble/share/rmw_implementation_cmake/cmake)
[0.180s] -- Found rmw_fastrtps_cpp: 6.2.7 (/opt/ros/humble/share/rmw_fastrtps_cpp/cmake)
[0.243s] -- Using RMW implementation 'rmw_fastrtps_cpp' as default
[0.265s] -- Found sensor_msgs: 4.8.0 (/opt/ros/humble/share/sensor_msgs/cmake)
[0.275s] -- Found tf2: 0.25.12 (/opt/ros/humble/share/tf2/cmake)
[0.277s] -- Found tf2_ros: 0.25.12 (/opt/ros/humble/share/tf2_ros/cmake)
[0.325s] -- Found ament_lint_auto: 0.12.12 (/opt/ros/humble/share/ament_lint_auto/cmake)
[0.370s] -- Added test 'cppcheck' to perform static code analysis on C / C++ code
[0.370s] -- Configured cppcheck include dirs: 
[0.370s] -- Configured cppcheck exclude dirs and/or files: 
[0.370s] -- Added test 'flake8' to check Python code syntax and style conventions
[0.370s] -- Added test 'lint_cmake' to check CMake code style
[0.370s] -- Added test 'pep257' to check Python code against some of the docstring style conventions in PEP 257
[0.371s] -- Added test 'uncrustify' to check C / C++ code style
[0.371s] -- Configured uncrustify additional arguments: 
[0.371s] -- Added test 'xmllint' to check XML markup files
[0.372s] -- Configuring done
[0.383s] -- Generating done
[0.387s] -- Build files have been written to: /home/lsz/ros2_ins_ws/build/ins_listener
[0.406s] [35m[1mConsolidate compiler generated dependencies of target gps_publisher_from_file[0m
[0.406s] [35m[1mConsolidate compiler generated dependencies of target gps_subscriber[0m
[0.406s] [35m[1mConsolidate compiler generated dependencies of target gps_converter_node[0m
[0.416s] [ 33%] Built target gps_subscriber
[0.417s] [100%] Built target gps_publisher_from_file
[0.417s] [100%] Built target gps_converter_node
[0.425s] Invoked command in '/home/lsz/ros2_ins_ws/build/ins_listener' returned '0': CMAKE_PREFIX_PATH=/opt/ros/humble /usr/bin/cmake --build /home/lsz/ros2_ins_ws/build/ins_listener -- -j8 -l8
[0.432s] Invoking command in '/home/lsz/ros2_ins_ws/build/ins_listener': CMAKE_PREFIX_PATH=/opt/ros/humble /usr/bin/cmake --install /home/lsz/ros2_ins_ws/build/ins_listener
[0.436s] -- Install configuration: ""
[0.437s] -- Execute custom install script
[0.437s] -- Up-to-date symlink: /home/lsz/ros2_ins_ws/install/ins_listener/lib/ins_listener/gps_subscriber
[0.437s] -- Up-to-date symlink: /home/lsz/ros2_ins_ws/install/ins_listener/lib/ins_listener/gps_converter_node
[0.437s] -- Up-to-date symlink: /home/lsz/ros2_ins_ws/install/ins_listener/lib/ins_listener/gps_publisher_from_file
[0.437s] -- Up-to-date symlink: /home/lsz/ros2_ins_ws/install/ins_listener/share/ins_listener/launch/gps_launch.py
[0.437s] -- Up-to-date symlink: /home/lsz/ros2_ins_ws/install/ins_listener/share/ament_index/resource_index/package_run_dependencies/ins_listener
[0.437s] -- Up-to-date symlink: /home/lsz/ros2_ins_ws/install/ins_listener/share/ament_index/resource_index/parent_prefix_path/ins_listener
[0.437s] -- Up-to-date symlink: /home/lsz/ros2_ins_ws/install/ins_listener/share/ins_listener/environment/ament_prefix_path.sh
[0.437s] -- Up-to-date symlink: /home/lsz/ros2_ins_ws/install/ins_listener/share/ins_listener/environment/ament_prefix_path.dsv
[0.438s] -- Up-to-date symlink: /home/lsz/ros2_ins_ws/install/ins_listener/share/ins_listener/environment/path.sh
[0.438s] -- Up-to-date symlink: /home/lsz/ros2_ins_ws/install/ins_listener/share/ins_listener/environment/path.dsv
[0.438s] -- Up-to-date symlink: /home/lsz/ros2_ins_ws/install/ins_listener/share/ins_listener/local_setup.bash
[0.438s] -- Up-to-date symlink: /home/lsz/ros2_ins_ws/install/ins_listener/share/ins_listener/local_setup.sh
[0.438s] -- Up-to-date symlink: /home/lsz/ros2_ins_ws/install/ins_listener/share/ins_listener/local_setup.zsh
[0.438s] -- Up-to-date symlink: /home/lsz/ros2_ins_ws/install/ins_listener/share/ins_listener/local_setup.dsv
[0.438s] -- Symlinking: /home/lsz/ros2_ins_ws/install/ins_listener/share/ins_listener/package.dsv
[0.444s] -- Up-to-date symlink: /home/lsz/ros2_ins_ws/install/ins_listener/share/ament_index/resource_index/packages/ins_listener
[0.444s] -- Up-to-date symlink: /home/lsz/ros2_ins_ws/install/ins_listener/share/ins_listener/cmake/ins_listenerConfig.cmake
[0.444s] -- Up-to-date symlink: /home/lsz/ros2_ins_ws/install/ins_listener/share/ins_listener/cmake/ins_listenerConfig-version.cmake
[0.444s] -- Up-to-date symlink: /home/lsz/ros2_ins_ws/install/ins_listener/share/ins_listener/package.xml
[0.445s] Invoked command in '/home/lsz/ros2_ins_ws/build/ins_listener' returned '0': CMAKE_PREFIX_PATH=/opt/ros/humble /usr/bin/cmake --install /home/lsz/ros2_ins_ws/build/ins_listener
