[0.007s] Invoking command in '/home/lsz/ros2_ins_ws/build/ins_listener': CMAKE_PREFIX_PATH=/opt/ros/humble /usr/bin/cmake --build /home/lsz/ros2_ins_ws/build/ins_listener -- -j8 -l8
[0.034s] [35m[1mConsolidate compiler generated dependencies of target gps_converter_node[0m
[0.042s] [ 50%] Built target gps_subscriber
[0.046s] [100%] Built target gps_converter_node
[0.054s] Invoked command in '/home/lsz/ros2_ins_ws/build/ins_listener' returned '0': CMAKE_PREFIX_PATH=/opt/ros/humble /usr/bin/cmake --build /home/lsz/ros2_ins_ws/build/ins_listener -- -j8 -l8
[0.060s] Invoking command in '/home/lsz/ros2_ins_ws/build/ins_listener': CMAKE_PREFIX_PATH=/opt/ros/humble /usr/bin/cmake --install /home/lsz/ros2_ins_ws/build/ins_listener
[0.065s] -- Install configuration: ""
[0.065s] -- Up-to-date: /home/lsz/ros2_ins_ws/install/ins_listener/lib/ins_listener/gps_subscriber
[0.065s] -- Up-to-date: /home/lsz/ros2_ins_ws/install/ins_listener/lib/ins_listener/gps_converter_node
[0.065s] -- Up-to-date: /home/lsz/ros2_ins_ws/install/ins_listener/share/ament_index/resource_index/package_run_dependencies/ins_listener
[0.065s] -- Up-to-date: /home/lsz/ros2_ins_ws/install/ins_listener/share/ament_index/resource_index/parent_prefix_path/ins_listener
[0.065s] -- Up-to-date: /home/lsz/ros2_ins_ws/install/ins_listener/share/ins_listener/environment/ament_prefix_path.sh
[0.065s] -- Up-to-date: /home/lsz/ros2_ins_ws/install/ins_listener/share/ins_listener/environment/ament_prefix_path.dsv
[0.066s] -- Up-to-date: /home/lsz/ros2_ins_ws/install/ins_listener/share/ins_listener/environment/path.sh
[0.066s] -- Up-to-date: /home/lsz/ros2_ins_ws/install/ins_listener/share/ins_listener/environment/path.dsv
[0.066s] -- Up-to-date: /home/lsz/ros2_ins_ws/install/ins_listener/share/ins_listener/local_setup.bash
[0.066s] -- Up-to-date: /home/lsz/ros2_ins_ws/install/ins_listener/share/ins_listener/local_setup.sh
[0.066s] -- Up-to-date: /home/lsz/ros2_ins_ws/install/ins_listener/share/ins_listener/local_setup.zsh
[0.066s] -- Up-to-date: /home/lsz/ros2_ins_ws/install/ins_listener/share/ins_listener/local_setup.dsv
[0.066s] -- Installing: /home/lsz/ros2_ins_ws/install/ins_listener/share/ins_listener/package.dsv
[0.066s] -- Up-to-date: /home/lsz/ros2_ins_ws/install/ins_listener/share/ament_index/resource_index/packages/ins_listener
[0.066s] -- Up-to-date: /home/lsz/ros2_ins_ws/install/ins_listener/share/ins_listener/cmake/ins_listenerConfig.cmake
[0.066s] -- Up-to-date: /home/lsz/ros2_ins_ws/install/ins_listener/share/ins_listener/cmake/ins_listenerConfig-version.cmake
[0.066s] -- Up-to-date: /home/lsz/ros2_ins_ws/install/ins_listener/share/ins_listener/package.xml
[0.067s] Invoked command in '/home/lsz/ros2_ins_ws/build/ins_listener' returned '0': CMAKE_PREFIX_PATH=/opt/ros/humble /usr/bin/cmake --install /home/lsz/ros2_ins_ws/build/ins_listener
