-- Found ament_cmake: 1.3.11 (/opt/ros/humble/share/ament_cmake/cmake)
-- Override CMake install command with custom implementation using symlinks instead of copying resources
-- Found nav_msgs: 4.8.0 (/opt/ros/humble/share/nav_msgs/cmake)
-- Found rosidl_generator_c: 3.1.6 (/opt/ros/humble/share/rosidl_generator_c/cmake)
-- Found rosidl_adapter: 3.1.6 (/opt/ros/humble/share/rosidl_adapter/cmake)
-- Found rosidl_generator_cpp: 3.1.6 (/opt/ros/humble/share/rosidl_generator_cpp/cmake)
-- Using all available rosidl_typesupport_c: rosidl_typesupport_fastrtps_c;rosidl_typesupport_introspection_c
-- Using all available rosidl_typesupport_cpp: rosidl_typesupport_fastrtps_cpp;rosidl_typesupport_introspection_cpp
-- Found rclcpp: 16.0.12 (/opt/ros/humble/share/rclcpp/cmake)
-- Found rmw_implementation_cmake: 6.1.2 (/opt/ros/humble/share/rmw_implementation_cmake/cmake)
-- Found rmw_fastrtps_cpp: 6.2.7 (/opt/ros/humble/share/rmw_fastrtps_cpp/cmake)
-- Using RMW implementation 'rmw_fastrtps_cpp' as default
-- Found sensor_msgs: 4.8.0 (/opt/ros/humble/share/sensor_msgs/cmake)
-- Found tf2: 0.25.12 (/opt/ros/humble/share/tf2/cmake)
-- Found tf2_ros: 0.25.12 (/opt/ros/humble/share/tf2_ros/cmake)
-- Found ament_lint_auto: 0.12.12 (/opt/ros/humble/share/ament_lint_auto/cmake)
-- Added test 'cppcheck' to perform static code analysis on C / C++ code
-- Configured cppcheck include dirs: 
-- Configured cppcheck exclude dirs and/or files: 
-- Added test 'flake8' to check Python code syntax and style conventions
-- Added test 'lint_cmake' to check CMake code style
-- Added test 'pep257' to check Python code against some of the docstring style conventions in PEP 257
-- Added test 'uncrustify' to check C / C++ code style
-- Configured uncrustify additional arguments: 
-- Added test 'xmllint' to check XML markup files
-- Configuring done
-- Generating done
-- Build files have been written to: /home/lsz/ros2_ins_ws/build/ins_listener
[35m[1mConsolidate compiler generated dependencies of target gps_converter_node[0m
[35m[1mConsolidate compiler generated dependencies of target gps_subscriber[0m
[35m[1mConsolidate compiler generated dependencies of target gps_publisher_from_file[0m
[ 33%] [32m[1mLinking CXX executable gps_subscriber[0m
[ 33%] [32m[1mLinking CXX executable gps_publisher_from_file[0m
[ 50%] [32m[1mLinking CXX executable gps_converter_node[0m
[ 66%] Built target gps_publisher_from_file
[ 83%] Built target gps_subscriber
[100%] Built target gps_converter_node
-- Install configuration: ""
-- Execute custom install script
-- Symlinking: /home/lsz/ros2_ins_ws/install/ins_listener/lib/ins_listener/gps_subscriber
-- Symlinking: /home/lsz/ros2_ins_ws/install/ins_listener/lib/ins_listener/gps_converter_node
-- Symlinking: /home/lsz/ros2_ins_ws/install/ins_listener/lib/ins_listener/gps_publisher_from_file
-- Symlinking: /home/lsz/ros2_ins_ws/install/ins_listener/share/ament_index/resource_index/package_run_dependencies/ins_listener
-- Symlinking: /home/lsz/ros2_ins_ws/install/ins_listener/share/ament_index/resource_index/parent_prefix_path/ins_listener
-- Symlinking: /home/lsz/ros2_ins_ws/install/ins_listener/share/ins_listener/environment/ament_prefix_path.sh
-- Symlinking: /home/lsz/ros2_ins_ws/install/ins_listener/share/ins_listener/environment/ament_prefix_path.dsv
-- Symlinking: /home/lsz/ros2_ins_ws/install/ins_listener/share/ins_listener/environment/path.sh
-- Symlinking: /home/lsz/ros2_ins_ws/install/ins_listener/share/ins_listener/environment/path.dsv
-- Symlinking: /home/lsz/ros2_ins_ws/install/ins_listener/share/ins_listener/local_setup.bash
-- Symlinking: /home/lsz/ros2_ins_ws/install/ins_listener/share/ins_listener/local_setup.sh
-- Symlinking: /home/lsz/ros2_ins_ws/install/ins_listener/share/ins_listener/local_setup.zsh
-- Symlinking: /home/lsz/ros2_ins_ws/install/ins_listener/share/ins_listener/local_setup.dsv
-- Symlinking: /home/lsz/ros2_ins_ws/install/ins_listener/share/ins_listener/package.dsv
-- Symlinking: /home/lsz/ros2_ins_ws/install/ins_listener/share/ament_index/resource_index/packages/ins_listener
-- Symlinking: /home/lsz/ros2_ins_ws/install/ins_listener/share/ins_listener/cmake/ins_listenerConfig.cmake
-- Symlinking: /home/lsz/ros2_ins_ws/install/ins_listener/share/ins_listener/cmake/ins_listenerConfig-version.cmake
-- Symlinking: /home/lsz/ros2_ins_ws/install/ins_listener/share/ins_listener/package.xml
