[0.007s] Invoking command in '/home/lsz/ros2_ins_ws/build/ins_listener': CMAKE_PREFIX_PATH=/opt/ros/humble /usr/bin/cmake /home/lsz/ros2_ins_ws/src/ins_listener -DAMENT_CMAKE_SYMLINK_INSTALL=1 -DCMAKE_INSTALL_PREFIX=/home/lsz/ros2_ins_ws/install/ins_listener
[0.021s] -- Found ament_cmake: 1.3.11 (/opt/ros/humble/share/ament_cmake/cmake)
[0.102s] -- Override CMake install command with custom implementation using symlinks instead of copying resources
[0.113s] -- Found nav_msgs: 4.8.0 (/opt/ros/humble/share/nav_msgs/cmake)
[0.174s] -- Found rosidl_generator_c: 3.1.6 (/opt/ros/humble/share/rosidl_generator_c/cmake)
[0.180s] -- Found rosidl_adapter: 3.1.6 (/opt/ros/humble/share/rosidl_adapter/cmake)
[0.198s] -- Found rosidl_generator_cpp: 3.1.6 (/opt/ros/humble/share/rosidl_generator_cpp/cmake)
[0.210s] -- Using all available rosidl_typesupport_c: rosidl_typesupport_fastrtps_c;rosidl_typesupport_introspection_c
[0.228s] -- Using all available rosidl_typesupport_cpp: rosidl_typesupport_fastrtps_cpp;rosidl_typesupport_introspection_cpp
[0.277s] -- Found rclcpp: 16.0.12 (/opt/ros/humble/share/rclcpp/cmake)
[0.300s] -- Found rmw_implementation_cmake: 6.1.2 (/opt/ros/humble/share/rmw_implementation_cmake/cmake)
[0.301s] -- Found rmw_fastrtps_cpp: 6.2.7 (/opt/ros/humble/share/rmw_fastrtps_cpp/cmake)
[0.380s] -- Using RMW implementation 'rmw_fastrtps_cpp' as default
[0.411s] -- Found sensor_msgs: 4.8.0 (/opt/ros/humble/share/sensor_msgs/cmake)
[0.424s] -- Found tf2: 0.25.12 (/opt/ros/humble/share/tf2/cmake)
[0.427s] -- Found tf2_ros: 0.25.12 (/opt/ros/humble/share/tf2_ros/cmake)
[0.490s] -- Found ament_lint_auto: 0.12.12 (/opt/ros/humble/share/ament_lint_auto/cmake)
[0.555s] -- Added test 'cppcheck' to perform static code analysis on C / C++ code
[0.555s] -- Configured cppcheck include dirs: 
[0.555s] -- Configured cppcheck exclude dirs and/or files: 
[0.555s] -- Added test 'flake8' to check Python code syntax and style conventions
[0.555s] -- Added test 'lint_cmake' to check CMake code style
[0.555s] -- Added test 'pep257' to check Python code against some of the docstring style conventions in PEP 257
[0.556s] -- Added test 'uncrustify' to check C / C++ code style
[0.556s] -- Configured uncrustify additional arguments: 
[0.556s] -- Added test 'xmllint' to check XML markup files
[0.557s] -- Configuring done
[0.574s] -- Generating done
[0.578s] -- Build files have been written to: /home/lsz/ros2_ins_ws/build/ins_listener
[0.585s] Invoked command in '/home/lsz/ros2_ins_ws/build/ins_listener' returned '0': CMAKE_PREFIX_PATH=/opt/ros/humble /usr/bin/cmake /home/lsz/ros2_ins_ws/src/ins_listener -DAMENT_CMAKE_SYMLINK_INSTALL=1 -DCMAKE_INSTALL_PREFIX=/home/lsz/ros2_ins_ws/install/ins_listener
[0.586s] Invoking command in '/home/lsz/ros2_ins_ws/build/ins_listener': CMAKE_PREFIX_PATH=/opt/ros/humble /usr/bin/cmake --build /home/lsz/ros2_ins_ws/build/ins_listener -- -j8 -l8
[0.611s] [35m[1mConsolidate compiler generated dependencies of target gps_converter_node[0m
[0.612s] [35m[1mConsolidate compiler generated dependencies of target gps_subscriber[0m
[0.612s] [35m[1mConsolidate compiler generated dependencies of target gps_publisher_from_file[0m
[0.622s] [ 33%] [32m[1mLinking CXX executable gps_subscriber[0m
[0.622s] [ 33%] [32m[1mLinking CXX executable gps_publisher_from_file[0m
[0.622s] [ 50%] [32m[1mLinking CXX executable gps_converter_node[0m
[0.805s] [ 66%] Built target gps_publisher_from_file
[0.951s] [ 83%] Built target gps_subscriber
[1.012s] [100%] Built target gps_converter_node
[1.019s] Invoked command in '/home/lsz/ros2_ins_ws/build/ins_listener' returned '0': CMAKE_PREFIX_PATH=/opt/ros/humble /usr/bin/cmake --build /home/lsz/ros2_ins_ws/build/ins_listener -- -j8 -l8
[1.025s] Invoking command in '/home/lsz/ros2_ins_ws/build/ins_listener': CMAKE_PREFIX_PATH=/opt/ros/humble /usr/bin/cmake --install /home/lsz/ros2_ins_ws/build/ins_listener
[1.030s] -- Install configuration: ""
[1.030s] -- Execute custom install script
[1.030s] -- Symlinking: /home/lsz/ros2_ins_ws/install/ins_listener/lib/ins_listener/gps_subscriber
[1.036s] -- Symlinking: /home/lsz/ros2_ins_ws/install/ins_listener/lib/ins_listener/gps_converter_node
[1.042s] -- Symlinking: /home/lsz/ros2_ins_ws/install/ins_listener/lib/ins_listener/gps_publisher_from_file
[1.048s] -- Symlinking: /home/lsz/ros2_ins_ws/install/ins_listener/share/ament_index/resource_index/package_run_dependencies/ins_listener
[1.053s] -- Symlinking: /home/lsz/ros2_ins_ws/install/ins_listener/share/ament_index/resource_index/parent_prefix_path/ins_listener
[1.059s] -- Symlinking: /home/lsz/ros2_ins_ws/install/ins_listener/share/ins_listener/environment/ament_prefix_path.sh
[1.064s] -- Symlinking: /home/lsz/ros2_ins_ws/install/ins_listener/share/ins_listener/environment/ament_prefix_path.dsv
[1.070s] -- Symlinking: /home/lsz/ros2_ins_ws/install/ins_listener/share/ins_listener/environment/path.sh
[1.075s] -- Symlinking: /home/lsz/ros2_ins_ws/install/ins_listener/share/ins_listener/environment/path.dsv
[1.081s] -- Symlinking: /home/lsz/ros2_ins_ws/install/ins_listener/share/ins_listener/local_setup.bash
[1.086s] -- Symlinking: /home/lsz/ros2_ins_ws/install/ins_listener/share/ins_listener/local_setup.sh
[1.092s] -- Symlinking: /home/lsz/ros2_ins_ws/install/ins_listener/share/ins_listener/local_setup.zsh
[1.098s] -- Symlinking: /home/lsz/ros2_ins_ws/install/ins_listener/share/ins_listener/local_setup.dsv
[1.103s] -- Symlinking: /home/lsz/ros2_ins_ws/install/ins_listener/share/ins_listener/package.dsv
[1.109s] -- Symlinking: /home/lsz/ros2_ins_ws/install/ins_listener/share/ament_index/resource_index/packages/ins_listener
[1.114s] -- Symlinking: /home/lsz/ros2_ins_ws/install/ins_listener/share/ins_listener/cmake/ins_listenerConfig.cmake
[1.120s] -- Symlinking: /home/lsz/ros2_ins_ws/install/ins_listener/share/ins_listener/cmake/ins_listenerConfig-version.cmake
[1.125s] -- Symlinking: /home/lsz/ros2_ins_ws/install/ins_listener/share/ins_listener/package.xml
[1.133s] Invoked command in '/home/lsz/ros2_ins_ws/build/ins_listener' returned '0': CMAKE_PREFIX_PATH=/opt/ros/humble /usr/bin/cmake --install /home/lsz/ros2_ins_ws/build/ins_listener
