[0.006s] Invoking command in '/home/lsz/ros2_ins_ws/build/ins_listener': CMAKE_PREFIX_PATH=/opt/ros/humble /usr/bin/cmake /home/lsz/ros2_ins_ws/src/ins_listener -DCMAKE_INSTALL_PREFIX=/home/lsz/ros2_ins_ws/install/ins_listener
[0.014s] -- Found ament_cmake: 1.3.11 (/opt/ros/humble/share/ament_cmake/cmake)
[0.099s] -- Found rclcpp: 16.0.12 (/opt/ros/humble/share/rclcpp/cmake)
[0.117s] -- Found rosidl_generator_c: 3.1.6 (/opt/ros/humble/share/rosidl_generator_c/cmake)
[0.119s] -- Found rosidl_adapter: 3.1.6 (/opt/ros/humble/share/rosidl_adapter/cmake)
[0.122s] -- Found rosidl_generator_cpp: 3.1.6 (/opt/ros/humble/share/rosidl_generator_cpp/cmake)
[0.129s] -- Using all available rosidl_typesupport_c: rosidl_typesupport_fastrtps_c;rosidl_typesupport_introspection_c
[0.137s] -- Using all available rosidl_typesupport_cpp: rosidl_typesupport_fastrtps_cpp;rosidl_typesupport_introspection_cpp
[0.158s] -- Found rmw_implementation_cmake: 6.1.2 (/opt/ros/humble/share/rmw_implementation_cmake/cmake)
[0.159s] -- Found rmw_fastrtps_cpp: 6.2.7 (/opt/ros/humble/share/rmw_fastrtps_cpp/cmake)
[0.224s] -- Using RMW implementation 'rmw_fastrtps_cpp' as default
[0.255s] -- Found sensor_msgs: 4.8.0 (/opt/ros/humble/share/sensor_msgs/cmake)
[0.274s] -- Found ament_lint_auto: 0.12.12 (/opt/ros/humble/share/ament_lint_auto/cmake)
[0.321s] -- Added test 'cppcheck' to perform static code analysis on C / C++ code
[0.321s] -- Configured cppcheck include dirs: 
[0.321s] -- Configured cppcheck exclude dirs and/or files: 
[0.321s] -- Added test 'lint_cmake' to check CMake code style
[0.321s] -- Added test 'uncrustify' to check C / C++ code style
[0.321s] -- Configured uncrustify additional arguments: 
[0.322s] -- Added test 'xmllint' to check XML markup files
[0.322s] -- Configuring done
[0.328s] -- Generating done
[0.331s] -- Build files have been written to: /home/lsz/ros2_ins_ws/build/ins_listener
[0.337s] Invoked command in '/home/lsz/ros2_ins_ws/build/ins_listener' returned '0': CMAKE_PREFIX_PATH=/opt/ros/humble /usr/bin/cmake /home/lsz/ros2_ins_ws/src/ins_listener -DCMAKE_INSTALL_PREFIX=/home/lsz/ros2_ins_ws/install/ins_listener
[0.338s] Invoking command in '/home/lsz/ros2_ins_ws/build/ins_listener': CMAKE_PREFIX_PATH=/opt/ros/humble /usr/bin/cmake --build /home/lsz/ros2_ins_ws/build/ins_listener -- -j8 -l8
[0.371s] [ 50%] [32mBuilding CXX object CMakeFiles/gps_subscriber.dir/src/gps_subscriber.cpp.o[0m
[6.197s] [100%] [32m[1mLinking CXX executable gps_subscriber[0m
[6.500s] [100%] Built target gps_subscriber
[6.507s] Invoked command in '/home/lsz/ros2_ins_ws/build/ins_listener' returned '0': CMAKE_PREFIX_PATH=/opt/ros/humble /usr/bin/cmake --build /home/lsz/ros2_ins_ws/build/ins_listener -- -j8 -l8
[6.515s] Invoking command in '/home/lsz/ros2_ins_ws/build/ins_listener': CMAKE_PREFIX_PATH=/opt/ros/humble /usr/bin/cmake --install /home/lsz/ros2_ins_ws/build/ins_listener
[6.519s] -- Install configuration: ""
[6.519s] -- Installing: /home/lsz/ros2_ins_ws/install/ins_listener/lib/ins_listener/gps_subscriber
[6.521s] -- Set runtime path of "/home/lsz/ros2_ins_ws/install/ins_listener/lib/ins_listener/gps_subscriber" to ""
[6.521s] -- Installing: /home/lsz/ros2_ins_ws/install/ins_listener/share/ament_index/resource_index/package_run_dependencies/ins_listener
[6.521s] -- Installing: /home/lsz/ros2_ins_ws/install/ins_listener/share/ament_index/resource_index/parent_prefix_path/ins_listener
[6.521s] -- Installing: /home/lsz/ros2_ins_ws/install/ins_listener/share/ins_listener/environment/ament_prefix_path.sh
[6.521s] -- Installing: /home/lsz/ros2_ins_ws/install/ins_listener/share/ins_listener/environment/ament_prefix_path.dsv
[6.521s] -- Installing: /home/lsz/ros2_ins_ws/install/ins_listener/share/ins_listener/environment/path.sh
[6.522s] -- Installing: /home/lsz/ros2_ins_ws/install/ins_listener/share/ins_listener/environment/path.dsv
[6.522s] -- Installing: /home/lsz/ros2_ins_ws/install/ins_listener/share/ins_listener/local_setup.bash
[6.522s] -- Installing: /home/lsz/ros2_ins_ws/install/ins_listener/share/ins_listener/local_setup.sh
[6.522s] -- Installing: /home/lsz/ros2_ins_ws/install/ins_listener/share/ins_listener/local_setup.zsh
[6.522s] -- Installing: /home/lsz/ros2_ins_ws/install/ins_listener/share/ins_listener/local_setup.dsv
[6.522s] -- Installing: /home/lsz/ros2_ins_ws/install/ins_listener/share/ins_listener/package.dsv
[6.522s] -- Installing: /home/lsz/ros2_ins_ws/install/ins_listener/share/ament_index/resource_index/packages/ins_listener
[6.522s] -- Installing: /home/lsz/ros2_ins_ws/install/ins_listener/share/ins_listener/cmake/ins_listenerConfig.cmake
[6.522s] -- Installing: /home/lsz/ros2_ins_ws/install/ins_listener/share/ins_listener/cmake/ins_listenerConfig-version.cmake
[6.522s] -- Installing: /home/lsz/ros2_ins_ws/install/ins_listener/share/ins_listener/package.xml
[6.524s] Invoked command in '/home/lsz/ros2_ins_ws/build/ins_listener' returned '0': CMAKE_PREFIX_PATH=/opt/ros/humble /usr/bin/cmake --install /home/lsz/ros2_ins_ws/build/ins_listener
