[0.063s] DEBUG:colcon:Command line arguments: ['/usr/bin/colcon', 'build']
[0.063s] DEBUG:colcon:Parsed command line arguments: Namespace(log_base=None, log_level=None, verb_name='build', build_base='build', install_base='install', merge_install=False, symlink_install=False, test_result_base=None, continue_on_error=False, executor='parallel', parallel_workers=8, event_handlers=None, ignore_user_meta=False, metas=['./colcon.meta'], base_paths=['.'], packages_ignore=None, packages_ignore_regex=None, paths=None, packages_up_to=None, packages_up_to_regex=None, packages_above=None, packages_above_and_dependencies=None, packages_above_depth=None, packages_select_by_dep=None, packages_skip_by_dep=None, packages_skip_up_to=None, packages_select_build_failed=False, packages_skip_build_finished=False, packages_select_test_failures=False, packages_skip_test_passed=False, packages_select=None, packages_skip=None, packages_select_regex=None, packages_skip_regex=None, packages_start=None, packages_end=None, allow_overriding=[], cmake_args=None, cmake_target=None, cmake_target_skip_unavailable=False, cmake_clean_cache=False, cmake_clean_first=False, cmake_force_configure=False, ament_cmake_args=None, catkin_cmake_args=None, catkin_skip_building_tests=False, verb_parser=<colcon_defaults.argument_parser.defaults.DefaultArgumentsDecorator object at 0x78ed76007970>, verb_extension=<colcon_core.verb.build.BuildVerb object at 0x78ed76170d30>, main=<bound method BuildVerb.main of <colcon_core.verb.build.BuildVerb object at 0x78ed76170d30>>)
[0.165s] Level 1:colcon.colcon_core.package_discovery:discover_packages(colcon_meta) check parameters
[0.165s] Level 1:colcon.colcon_core.package_discovery:discover_packages(recursive) check parameters
[0.165s] Level 1:colcon.colcon_core.package_discovery:discover_packages(ignore) check parameters
[0.165s] Level 1:colcon.colcon_core.package_discovery:discover_packages(path) check parameters
[0.165s] Level 1:colcon.colcon_core.package_discovery:discover_packages(colcon_meta) discover
[0.165s] Level 1:colcon.colcon_core.package_discovery:discover_packages(recursive) discover
[0.165s] INFO:colcon.colcon_core.package_discovery:Crawling recursively for packages in '/home/lsz/ros2_ins_ws'
[0.166s] Level 1:colcon.colcon_core.package_identification:_identify(.) by extensions ['ignore', 'ignore_ament_install']
[0.166s] Level 1:colcon.colcon_core.package_identification:_identify(.) by extension 'ignore'
[0.166s] Level 1:colcon.colcon_core.package_identification:_identify(.) by extension 'ignore_ament_install'
[0.166s] Level 1:colcon.colcon_core.package_identification:_identify(.) by extensions ['colcon_pkg']
[0.166s] Level 1:colcon.colcon_core.package_identification:_identify(.) by extension 'colcon_pkg'
[0.166s] Level 1:colcon.colcon_core.package_identification:_identify(.) by extensions ['colcon_meta']
[0.166s] Level 1:colcon.colcon_core.package_identification:_identify(.) by extension 'colcon_meta'
[0.166s] Level 1:colcon.colcon_core.package_identification:_identify(.) by extensions ['ros']
[0.166s] Level 1:colcon.colcon_core.package_identification:_identify(.) by extension 'ros'
[0.178s] Level 1:colcon.colcon_core.package_identification:_identify(.) by extensions ['cmake', 'python']
[0.178s] Level 1:colcon.colcon_core.package_identification:_identify(.) by extension 'cmake'
[0.178s] Level 1:colcon.colcon_core.package_identification:_identify(.) by extension 'python'
[0.178s] Level 1:colcon.colcon_core.package_identification:_identify(.) by extensions ['python_setup_py']
[0.178s] Level 1:colcon.colcon_core.package_identification:_identify(.) by extension 'python_setup_py'
[0.178s] Level 1:colcon.colcon_core.package_identification:_identify(build) by extensions ['ignore', 'ignore_ament_install']
[0.178s] Level 1:colcon.colcon_core.package_identification:_identify(build) by extension 'ignore'
[0.178s] Level 1:colcon.colcon_core.package_identification:_identify(build) ignored
[0.178s] Level 1:colcon.colcon_core.package_identification:_identify(install) by extensions ['ignore', 'ignore_ament_install']
[0.178s] Level 1:colcon.colcon_core.package_identification:_identify(install) by extension 'ignore'
[0.178s] Level 1:colcon.colcon_core.package_identification:_identify(install) ignored
[0.178s] Level 1:colcon.colcon_core.package_identification:_identify(log) by extensions ['ignore', 'ignore_ament_install']
[0.178s] Level 1:colcon.colcon_core.package_identification:_identify(log) by extension 'ignore'
[0.178s] Level 1:colcon.colcon_core.package_identification:_identify(log) ignored
[0.179s] Level 1:colcon.colcon_core.package_identification:_identify(src) by extensions ['ignore', 'ignore_ament_install']
[0.179s] Level 1:colcon.colcon_core.package_identification:_identify(src) by extension 'ignore'
[0.179s] Level 1:colcon.colcon_core.package_identification:_identify(src) by extension 'ignore_ament_install'
[0.179s] Level 1:colcon.colcon_core.package_identification:_identify(src) by extensions ['colcon_pkg']
[0.179s] Level 1:colcon.colcon_core.package_identification:_identify(src) by extension 'colcon_pkg'
[0.179s] Level 1:colcon.colcon_core.package_identification:_identify(src) by extensions ['colcon_meta']
[0.179s] Level 1:colcon.colcon_core.package_identification:_identify(src) by extension 'colcon_meta'
[0.179s] Level 1:colcon.colcon_core.package_identification:_identify(src) by extensions ['ros']
[0.179s] Level 1:colcon.colcon_core.package_identification:_identify(src) by extension 'ros'
[0.179s] Level 1:colcon.colcon_core.package_identification:_identify(src) by extensions ['cmake', 'python']
[0.179s] Level 1:colcon.colcon_core.package_identification:_identify(src) by extension 'cmake'
[0.179s] Level 1:colcon.colcon_core.package_identification:_identify(src) by extension 'python'
[0.179s] Level 1:colcon.colcon_core.package_identification:_identify(src) by extensions ['python_setup_py']
[0.179s] Level 1:colcon.colcon_core.package_identification:_identify(src) by extension 'python_setup_py'
[0.179s] Level 1:colcon.colcon_core.package_identification:_identify(src/ins_listener) by extensions ['ignore', 'ignore_ament_install']
[0.179s] Level 1:colcon.colcon_core.package_identification:_identify(src/ins_listener) by extension 'ignore'
[0.179s] Level 1:colcon.colcon_core.package_identification:_identify(src/ins_listener) by extension 'ignore_ament_install'
[0.179s] Level 1:colcon.colcon_core.package_identification:_identify(src/ins_listener) by extensions ['colcon_pkg']
[0.179s] Level 1:colcon.colcon_core.package_identification:_identify(src/ins_listener) by extension 'colcon_pkg'
[0.179s] Level 1:colcon.colcon_core.package_identification:_identify(src/ins_listener) by extensions ['colcon_meta']
[0.179s] Level 1:colcon.colcon_core.package_identification:_identify(src/ins_listener) by extension 'colcon_meta'
[0.179s] Level 1:colcon.colcon_core.package_identification:_identify(src/ins_listener) by extensions ['ros']
[0.179s] Level 1:colcon.colcon_core.package_identification:_identify(src/ins_listener) by extension 'ros'
[0.182s] DEBUG:colcon.colcon_core.package_identification:Package 'src/ins_listener' with type 'ros.ament_cmake' and name 'ins_listener'
[0.182s] Level 1:colcon.colcon_core.package_discovery:discover_packages(recursive) using defaults
[0.182s] Level 1:colcon.colcon_core.package_discovery:discover_packages(ignore) discover
[0.182s] Level 1:colcon.colcon_core.package_discovery:discover_packages(ignore) using defaults
[0.182s] Level 1:colcon.colcon_core.package_discovery:discover_packages(path) discover
[0.182s] Level 1:colcon.colcon_core.package_discovery:discover_packages(path) using defaults
[0.199s] Level 1:colcon.colcon_core.package_discovery:discover_packages(prefix_path) check parameters
[0.199s] Level 1:colcon.colcon_core.package_discovery:discover_packages(prefix_path) discover
[0.201s] DEBUG:colcon.colcon_installed_package_information.package_discovery:Found 276 installed packages in /opt/ros/humble
[0.212s] Level 1:colcon.colcon_core.package_discovery:discover_packages(prefix_path) using defaults
[0.234s] Level 5:colcon.colcon_core.verb:set package 'ins_listener' build argument 'cmake_args' from command line to 'None'
[0.234s] Level 5:colcon.colcon_core.verb:set package 'ins_listener' build argument 'cmake_target' from command line to 'None'
[0.234s] Level 5:colcon.colcon_core.verb:set package 'ins_listener' build argument 'cmake_target_skip_unavailable' from command line to 'False'
[0.234s] Level 5:colcon.colcon_core.verb:set package 'ins_listener' build argument 'cmake_clean_cache' from command line to 'False'
[0.234s] Level 5:colcon.colcon_core.verb:set package 'ins_listener' build argument 'cmake_clean_first' from command line to 'False'
[0.234s] Level 5:colcon.colcon_core.verb:set package 'ins_listener' build argument 'cmake_force_configure' from command line to 'False'
[0.234s] Level 5:colcon.colcon_core.verb:set package 'ins_listener' build argument 'ament_cmake_args' from command line to 'None'
[0.234s] Level 5:colcon.colcon_core.verb:set package 'ins_listener' build argument 'catkin_cmake_args' from command line to 'None'
[0.234s] Level 5:colcon.colcon_core.verb:set package 'ins_listener' build argument 'catkin_skip_building_tests' from command line to 'False'
[0.234s] DEBUG:colcon.colcon_core.verb:Building package 'ins_listener' with the following arguments: {'ament_cmake_args': None, 'build_base': '/home/lsz/ros2_ins_ws/build/ins_listener', 'catkin_cmake_args': None, 'catkin_skip_building_tests': False, 'cmake_args': None, 'cmake_clean_cache': False, 'cmake_clean_first': False, 'cmake_force_configure': False, 'cmake_target': None, 'cmake_target_skip_unavailable': False, 'install_base': '/home/lsz/ros2_ins_ws/install/ins_listener', 'merge_install': False, 'path': '/home/lsz/ros2_ins_ws/src/ins_listener', 'symlink_install': False, 'test_result_base': None}
[0.235s] INFO:colcon.colcon_core.executor:Executing jobs using 'parallel' executor
[0.235s] DEBUG:colcon.colcon_parallel_executor.executor.parallel:run_until_complete
[0.235s] INFO:colcon.colcon_ros.task.ament_cmake.build:Building ROS package in '/home/lsz/ros2_ins_ws/src/ins_listener' with build type 'ament_cmake'
[0.236s] INFO:colcon.colcon_cmake.task.cmake.build:Building CMake package in '/home/lsz/ros2_ins_ws/src/ins_listener'
[0.237s] INFO:colcon.colcon_core.plugin_system:Skipping extension 'colcon_core.shell.bat': Not used on non-Windows systems
[0.237s] INFO:colcon.colcon_core.shell:Skip shell extension 'powershell' for command environment: Not usable outside of PowerShell
[0.237s] DEBUG:colcon.colcon_core.shell:Skip shell extension 'dsv' for command environment
[0.242s] DEBUG:colcon.colcon_core.event_handler.log_command:Invoking command in '/home/lsz/ros2_ins_ws/build/ins_listener': CMAKE_PREFIX_PATH=/opt/ros/humble /usr/bin/cmake --build /home/lsz/ros2_ins_ws/build/ins_listener -- -j8 -l8
[7.319s] DEBUG:colcon.colcon_core.event_handler.log_command:Invoked command in '/home/lsz/ros2_ins_ws/build/ins_listener' returned '0': CMAKE_PREFIX_PATH=/opt/ros/humble /usr/bin/cmake --build /home/lsz/ros2_ins_ws/build/ins_listener -- -j8 -l8
[7.326s] DEBUG:colcon.colcon_core.event_handler.log_command:Invoking command in '/home/lsz/ros2_ins_ws/build/ins_listener': CMAKE_PREFIX_PATH=/opt/ros/humble /usr/bin/cmake --install /home/lsz/ros2_ins_ws/build/ins_listener
[7.335s] Level 1:colcon.colcon_core.environment:create_environment_scripts_only(ins_listener)
[7.335s] DEBUG:colcon.colcon_core.event_handler.log_command:Invoked command in '/home/lsz/ros2_ins_ws/build/ins_listener' returned '0': CMAKE_PREFIX_PATH=/opt/ros/humble /usr/bin/cmake --install /home/lsz/ros2_ins_ws/build/ins_listener
[7.337s] Level 1:colcon.colcon_core.environment:checking '/home/lsz/ros2_ins_ws/install/ins_listener' for CMake module files
[7.337s] Level 1:colcon.colcon_core.environment:checking '/home/lsz/ros2_ins_ws/install/ins_listener' for CMake config files
[7.337s] Level 1:colcon.colcon_core.shell:create_environment_hook('ins_listener', 'cmake_prefix_path')
[7.337s] INFO:colcon.colcon_core.shell:Creating environment hook '/home/lsz/ros2_ins_ws/install/ins_listener/share/ins_listener/hook/cmake_prefix_path.ps1'
[7.338s] INFO:colcon.colcon_core.shell:Creating environment descriptor '/home/lsz/ros2_ins_ws/install/ins_listener/share/ins_listener/hook/cmake_prefix_path.dsv'
[7.338s] INFO:colcon.colcon_core.shell:Creating environment hook '/home/lsz/ros2_ins_ws/install/ins_listener/share/ins_listener/hook/cmake_prefix_path.sh'
[7.339s] Level 1:colcon.colcon_core.environment:checking '/home/lsz/ros2_ins_ws/install/ins_listener/lib'
[7.339s] Level 1:colcon.colcon_core.environment:checking '/home/lsz/ros2_ins_ws/install/ins_listener/bin'
[7.339s] Level 1:colcon.colcon_core.environment:checking '/home/lsz/ros2_ins_ws/install/ins_listener/lib/pkgconfig/ins_listener.pc'
[7.339s] Level 1:colcon.colcon_core.environment:checking '/home/lsz/ros2_ins_ws/install/ins_listener/lib/python3.10/site-packages'
[7.339s] Level 1:colcon.colcon_core.environment:checking '/home/lsz/ros2_ins_ws/install/ins_listener/bin'
[7.339s] INFO:colcon.colcon_core.shell:Creating package script '/home/lsz/ros2_ins_ws/install/ins_listener/share/ins_listener/package.ps1'
[7.340s] INFO:colcon.colcon_core.shell:Creating package descriptor '/home/lsz/ros2_ins_ws/install/ins_listener/share/ins_listener/package.dsv'
[7.340s] INFO:colcon.colcon_core.shell:Creating package script '/home/lsz/ros2_ins_ws/install/ins_listener/share/ins_listener/package.sh'
[7.341s] INFO:colcon.colcon_core.shell:Creating package script '/home/lsz/ros2_ins_ws/install/ins_listener/share/ins_listener/package.bash'
[7.341s] INFO:colcon.colcon_core.shell:Creating package script '/home/lsz/ros2_ins_ws/install/ins_listener/share/ins_listener/package.zsh'
[7.342s] Level 1:colcon.colcon_core.environment:create_file_with_runtime_dependencies(/home/lsz/ros2_ins_ws/install/ins_listener/share/colcon-core/packages/ins_listener)
[7.342s] Level 1:colcon.colcon_core.environment:create_environment_scripts_only(ins_listener)
[7.342s] Level 1:colcon.colcon_core.environment:checking '/home/lsz/ros2_ins_ws/install/ins_listener' for CMake module files
[7.342s] Level 1:colcon.colcon_core.environment:checking '/home/lsz/ros2_ins_ws/install/ins_listener' for CMake config files
[7.342s] Level 1:colcon.colcon_core.shell:create_environment_hook('ins_listener', 'cmake_prefix_path')
[7.343s] INFO:colcon.colcon_core.shell:Creating environment hook '/home/lsz/ros2_ins_ws/install/ins_listener/share/ins_listener/hook/cmake_prefix_path.ps1'
[7.343s] INFO:colcon.colcon_core.shell:Creating environment descriptor '/home/lsz/ros2_ins_ws/install/ins_listener/share/ins_listener/hook/cmake_prefix_path.dsv'
[7.343s] INFO:colcon.colcon_core.shell:Creating environment hook '/home/lsz/ros2_ins_ws/install/ins_listener/share/ins_listener/hook/cmake_prefix_path.sh'
[7.343s] Level 1:colcon.colcon_core.environment:checking '/home/lsz/ros2_ins_ws/install/ins_listener/lib'
[7.343s] Level 1:colcon.colcon_core.environment:checking '/home/lsz/ros2_ins_ws/install/ins_listener/bin'
[7.343s] Level 1:colcon.colcon_core.environment:checking '/home/lsz/ros2_ins_ws/install/ins_listener/lib/pkgconfig/ins_listener.pc'
[7.344s] Level 1:colcon.colcon_core.environment:checking '/home/lsz/ros2_ins_ws/install/ins_listener/lib/python3.10/site-packages'
[7.344s] Level 1:colcon.colcon_core.environment:checking '/home/lsz/ros2_ins_ws/install/ins_listener/bin'
[7.344s] INFO:colcon.colcon_core.shell:Creating package script '/home/lsz/ros2_ins_ws/install/ins_listener/share/ins_listener/package.ps1'
[7.344s] INFO:colcon.colcon_core.shell:Creating package descriptor '/home/lsz/ros2_ins_ws/install/ins_listener/share/ins_listener/package.dsv'
[7.345s] INFO:colcon.colcon_core.shell:Creating package script '/home/lsz/ros2_ins_ws/install/ins_listener/share/ins_listener/package.sh'
[7.345s] INFO:colcon.colcon_core.shell:Creating package script '/home/lsz/ros2_ins_ws/install/ins_listener/share/ins_listener/package.bash'
[7.345s] INFO:colcon.colcon_core.shell:Creating package script '/home/lsz/ros2_ins_ws/install/ins_listener/share/ins_listener/package.zsh'
[7.345s] Level 1:colcon.colcon_core.environment:create_file_with_runtime_dependencies(/home/lsz/ros2_ins_ws/install/ins_listener/share/colcon-core/packages/ins_listener)
[7.346s] DEBUG:colcon.colcon_parallel_executor.executor.parallel:closing loop
[7.346s] DEBUG:colcon.colcon_parallel_executor.executor.parallel:loop closed
[7.346s] DEBUG:colcon.colcon_parallel_executor.executor.parallel:run_until_complete finished with '0'
[7.346s] DEBUG:colcon.colcon_core.event_reactor:joining thread
[7.349s] INFO:colcon.colcon_core.plugin_system:Skipping extension 'colcon_notification.desktop_notification.terminal_notifier': Not used on non-Darwin systems
[7.349s] INFO:colcon.colcon_core.plugin_system:Skipping extension 'colcon_notification.desktop_notification.win32': Not used on non-Windows systems
[7.349s] INFO:colcon.colcon_notification.desktop_notification:Sending desktop notification using 'notify2'
[7.361s] DEBUG:colcon.colcon_core.event_reactor:joined thread
[7.362s] INFO:colcon.colcon_core.shell:Creating prefix script '/home/lsz/ros2_ins_ws/install/local_setup.ps1'
[7.362s] INFO:colcon.colcon_core.shell:Creating prefix util module '/home/lsz/ros2_ins_ws/install/_local_setup_util_ps1.py'
[7.363s] INFO:colcon.colcon_core.shell:Creating prefix chain script '/home/lsz/ros2_ins_ws/install/setup.ps1'
[7.364s] INFO:colcon.colcon_core.shell:Creating prefix script '/home/lsz/ros2_ins_ws/install/local_setup.sh'
[7.364s] INFO:colcon.colcon_core.shell:Creating prefix util module '/home/lsz/ros2_ins_ws/install/_local_setup_util_sh.py'
[7.365s] INFO:colcon.colcon_core.shell:Creating prefix chain script '/home/lsz/ros2_ins_ws/install/setup.sh'
[7.365s] INFO:colcon.colcon_core.shell:Creating prefix script '/home/lsz/ros2_ins_ws/install/local_setup.bash'
[7.366s] INFO:colcon.colcon_core.shell:Creating prefix chain script '/home/lsz/ros2_ins_ws/install/setup.bash'
[7.366s] INFO:colcon.colcon_core.shell:Creating prefix script '/home/lsz/ros2_ins_ws/install/local_setup.zsh'
[7.366s] INFO:colcon.colcon_core.shell:Creating prefix chain script '/home/lsz/ros2_ins_ws/install/setup.zsh'
