[0.006s] Invoking command in '/home/lsz/ros2_ins_ws/build/ins_listener': CMAKE_PREFIX_PATH=/opt/ros/humble /usr/bin/cmake --build /home/lsz/ros2_ins_ws/build/ins_listener -- -j8 -l8
[0.021s] -- Found ament_cmake: 1.3.11 (/opt/ros/humble/share/ament_cmake/cmake)
[0.101s] -- Found rclcpp: 16.0.12 (/opt/ros/humble/share/rclcpp/cmake)
[0.118s] -- Found rosidl_generator_c: 3.1.6 (/opt/ros/humble/share/rosidl_generator_c/cmake)
[0.119s] -- Found rosidl_adapter: 3.1.6 (/opt/ros/humble/share/rosidl_adapter/cmake)
[0.123s] -- Found rosidl_generator_cpp: 3.1.6 (/opt/ros/humble/share/rosidl_generator_cpp/cmake)
[0.129s] -- Using all available rosidl_typesupport_c: rosidl_typesupport_fastrtps_c;rosidl_typesupport_introspection_c
[0.136s] -- Using all available rosidl_typesupport_cpp: rosidl_typesupport_fastrtps_cpp;rosidl_typesupport_introspection_cpp
[0.156s] -- Found rmw_implementation_cmake: 6.1.2 (/opt/ros/humble/share/rmw_implementation_cmake/cmake)
[0.157s] -- Found rmw_fastrtps_cpp: 6.2.7 (/opt/ros/humble/share/rmw_fastrtps_cpp/cmake)
[0.231s] -- Using RMW implementation 'rmw_fastrtps_cpp' as default
[0.260s] -- Found sensor_msgs: 4.8.0 (/opt/ros/humble/share/sensor_msgs/cmake)
[0.277s] -- Found tf2: 0.25.12 (/opt/ros/humble/share/tf2/cmake)
[0.283s] -- Found tf2_ros: 0.25.12 (/opt/ros/humble/share/tf2_ros/cmake)
[0.334s] -- Found ament_lint_auto: 0.12.12 (/opt/ros/humble/share/ament_lint_auto/cmake)
[0.378s] -- Added test 'cppcheck' to perform static code analysis on C / C++ code
[0.378s] -- Configured cppcheck include dirs: 
[0.378s] -- Configured cppcheck exclude dirs and/or files: 
[0.378s] -- Added test 'lint_cmake' to check CMake code style
[0.379s] -- Added test 'uncrustify' to check C / C++ code style
[0.379s] -- Configured uncrustify additional arguments: 
[0.379s] -- Added test 'xmllint' to check XML markup files
[0.379s] -- Configuring done
[0.388s] -- Generating done
[0.391s] -- Build files have been written to: /home/lsz/ros2_ins_ws/build/ins_listener
[0.409s] [35m[1mConsolidate compiler generated dependencies of target gps_subscriber[0m
[0.415s] [ 25%] [32mBuilding CXX object CMakeFiles/gps_converter_node.dir/src/gps_converter_node.cpp.o[0m
[0.419s] [ 50%] [32mBuilding CXX object CMakeFiles/gps_subscriber.dir/src/gps_subscriber.cpp.o[0m
[6.005s] [ 75%] [32m[1mLinking CXX executable gps_subscriber[0m
[6.274s] [100%] [32m[1mLinking CXX executable gps_converter_node[0m
[6.296s] [100%] Built target gps_subscriber
[6.573s] [100%] Built target gps_converter_node
[6.580s] Invoked command in '/home/lsz/ros2_ins_ws/build/ins_listener' returned '0': CMAKE_PREFIX_PATH=/opt/ros/humble /usr/bin/cmake --build /home/lsz/ros2_ins_ws/build/ins_listener -- -j8 -l8
[6.586s] Invoking command in '/home/lsz/ros2_ins_ws/build/ins_listener': CMAKE_PREFIX_PATH=/opt/ros/humble /usr/bin/cmake --install /home/lsz/ros2_ins_ws/build/ins_listener
[6.590s] -- Install configuration: ""
[6.590s] -- Installing: /home/lsz/ros2_ins_ws/install/ins_listener/lib/ins_listener/gps_subscriber
[6.592s] -- Set runtime path of "/home/lsz/ros2_ins_ws/install/ins_listener/lib/ins_listener/gps_subscriber" to ""
[6.592s] -- Installing: /home/lsz/ros2_ins_ws/install/ins_listener/lib/ins_listener/gps_converter_node
[6.594s] -- Set runtime path of "/home/lsz/ros2_ins_ws/install/ins_listener/lib/ins_listener/gps_converter_node" to ""
[6.594s] -- Installing: /home/lsz/ros2_ins_ws/install/ins_listener/share/ament_index/resource_index/package_run_dependencies/ins_listener
[6.594s] -- Up-to-date: /home/lsz/ros2_ins_ws/install/ins_listener/share/ament_index/resource_index/parent_prefix_path/ins_listener
[6.594s] -- Up-to-date: /home/lsz/ros2_ins_ws/install/ins_listener/share/ins_listener/environment/ament_prefix_path.sh
[6.594s] -- Installing: /home/lsz/ros2_ins_ws/install/ins_listener/share/ins_listener/environment/ament_prefix_path.dsv
[6.594s] -- Up-to-date: /home/lsz/ros2_ins_ws/install/ins_listener/share/ins_listener/environment/path.sh
[6.594s] -- Installing: /home/lsz/ros2_ins_ws/install/ins_listener/share/ins_listener/environment/path.dsv
[6.594s] -- Up-to-date: /home/lsz/ros2_ins_ws/install/ins_listener/share/ins_listener/local_setup.bash
[6.594s] -- Up-to-date: /home/lsz/ros2_ins_ws/install/ins_listener/share/ins_listener/local_setup.sh
[6.594s] -- Up-to-date: /home/lsz/ros2_ins_ws/install/ins_listener/share/ins_listener/local_setup.zsh
[6.594s] -- Installing: /home/lsz/ros2_ins_ws/install/ins_listener/share/ins_listener/local_setup.dsv
[6.595s] -- Installing: /home/lsz/ros2_ins_ws/install/ins_listener/share/ins_listener/package.dsv
[6.595s] -- Up-to-date: /home/lsz/ros2_ins_ws/install/ins_listener/share/ament_index/resource_index/packages/ins_listener
[6.595s] -- Up-to-date: /home/lsz/ros2_ins_ws/install/ins_listener/share/ins_listener/cmake/ins_listenerConfig.cmake
[6.595s] -- Up-to-date: /home/lsz/ros2_ins_ws/install/ins_listener/share/ins_listener/cmake/ins_listenerConfig-version.cmake
[6.595s] -- Installing: /home/lsz/ros2_ins_ws/install/ins_listener/share/ins_listener/package.xml
[6.596s] Invoked command in '/home/lsz/ros2_ins_ws/build/ins_listener' returned '0': CMAKE_PREFIX_PATH=/opt/ros/humble /usr/bin/cmake --install /home/lsz/ros2_ins_ws/build/ins_listener
