[ 16%] [32mBuilding CXX object CMakeFiles/gps_subscriber.dir/src/gps_subscriber.cpp.o[0m
[ 50%] Built target gps_publisher_from_file
[ 83%] Built target gps_converter_node
[100%] [32m[1mLinking CXX executable gps_subscriber[0m
[100%] Built target gps_subscriber
-- Install configuration: ""
-- Installing: /home/lsz/ros2_ins_ws/install/ins_listener/lib/ins_listener/gps_subscriber
-- Set runtime path of "/home/lsz/ros2_ins_ws/install/ins_listener/lib/ins_listener/gps_subscriber" to ""
-- Up-to-date: /home/lsz/ros2_ins_ws/install/ins_listener/lib/ins_listener/gps_converter_node
-- Up-to-date: /home/lsz/ros2_ins_ws/install/ins_listener/lib/ins_listener/gps_publisher_from_file
-- Up-to-date: /home/lsz/ros2_ins_ws/install/ins_listener/share/ament_index/resource_index/package_run_dependencies/ins_listener
-- Up-to-date: /home/lsz/ros2_ins_ws/install/ins_listener/share/ament_index/resource_index/parent_prefix_path/ins_listener
-- Up-to-date: /home/lsz/ros2_ins_ws/install/ins_listener/share/ins_listener/environment/ament_prefix_path.sh
-- Up-to-date: /home/lsz/ros2_ins_ws/install/ins_listener/share/ins_listener/environment/ament_prefix_path.dsv
-- Up-to-date: /home/lsz/ros2_ins_ws/install/ins_listener/share/ins_listener/environment/path.sh
-- Up-to-date: /home/lsz/ros2_ins_ws/install/ins_listener/share/ins_listener/environment/path.dsv
-- Up-to-date: /home/lsz/ros2_ins_ws/install/ins_listener/share/ins_listener/local_setup.bash
-- Up-to-date: /home/lsz/ros2_ins_ws/install/ins_listener/share/ins_listener/local_setup.sh
-- Up-to-date: /home/lsz/ros2_ins_ws/install/ins_listener/share/ins_listener/local_setup.zsh
-- Up-to-date: /home/lsz/ros2_ins_ws/install/ins_listener/share/ins_listener/local_setup.dsv
-- Installing: /home/lsz/ros2_ins_ws/install/ins_listener/share/ins_listener/package.dsv
-- Up-to-date: /home/lsz/ros2_ins_ws/install/ins_listener/share/ament_index/resource_index/packages/ins_listener
-- Up-to-date: /home/lsz/ros2_ins_ws/install/ins_listener/share/ins_listener/cmake/ins_listenerConfig.cmake
-- Up-to-date: /home/lsz/ros2_ins_ws/install/ins_listener/share/ins_listener/cmake/ins_listenerConfig-version.cmake
-- Up-to-date: /home/lsz/ros2_ins_ws/install/ins_listener/share/ins_listener/package.xml
