[0.006s] Invoking command in '/home/lsz/ros2_ins_ws/build/ins_listener': CMAKE_PREFIX_PATH=/opt/ros/humble /usr/bin/cmake --build /home/lsz/ros2_ins_ws/build/ins_listener -- -j8 -l8
[0.041s] [100%] Built target gps_converter_node
[0.042s] [100%] Built target gps_publisher_from_file
[0.042s] [100%] Built target gps_subscriber
[0.049s] Invoked command in '/home/lsz/ros2_ins_ws/build/ins_listener' returned '0': CMAKE_PREFIX_PATH=/opt/ros/humble /usr/bin/cmake --build /home/lsz/ros2_ins_ws/build/ins_listener -- -j8 -l8
[0.055s] Invoking command in '/home/lsz/ros2_ins_ws/build/ins_listener': CMAKE_PREFIX_PATH=/opt/ros/humble /usr/bin/cmake --install /home/lsz/ros2_ins_ws/build/ins_listener
[0.060s] -- Install configuration: ""
[0.060s] -- Execute custom install script
[0.060s] -- Up-to-date symlink: /home/lsz/ros2_ins_ws/install/ins_listener/lib/ins_listener/gps_subscriber
[0.060s] -- Up-to-date symlink: /home/lsz/ros2_ins_ws/install/ins_listener/lib/ins_listener/gps_converter_node
[0.060s] -- Up-to-date symlink: /home/lsz/ros2_ins_ws/install/ins_listener/lib/ins_listener/gps_publisher_from_file
[0.061s] -- Up-to-date symlink: /home/lsz/ros2_ins_ws/install/ins_listener/share/ins_listener/launch/gps_launch.py
[0.061s] -- Up-to-date symlink: /home/lsz/ros2_ins_ws/install/ins_listener/share/ament_index/resource_index/package_run_dependencies/ins_listener
[0.061s] -- Up-to-date symlink: /home/lsz/ros2_ins_ws/install/ins_listener/share/ament_index/resource_index/parent_prefix_path/ins_listener
[0.061s] -- Up-to-date symlink: /home/lsz/ros2_ins_ws/install/ins_listener/share/ins_listener/environment/ament_prefix_path.sh
[0.061s] -- Up-to-date symlink: /home/lsz/ros2_ins_ws/install/ins_listener/share/ins_listener/environment/ament_prefix_path.dsv
[0.061s] -- Up-to-date symlink: /home/lsz/ros2_ins_ws/install/ins_listener/share/ins_listener/environment/path.sh
[0.061s] -- Up-to-date symlink: /home/lsz/ros2_ins_ws/install/ins_listener/share/ins_listener/environment/path.dsv
[0.061s] -- Up-to-date symlink: /home/lsz/ros2_ins_ws/install/ins_listener/share/ins_listener/local_setup.bash
[0.061s] -- Up-to-date symlink: /home/lsz/ros2_ins_ws/install/ins_listener/share/ins_listener/local_setup.sh
[0.061s] -- Up-to-date symlink: /home/lsz/ros2_ins_ws/install/ins_listener/share/ins_listener/local_setup.zsh
[0.061s] -- Up-to-date symlink: /home/lsz/ros2_ins_ws/install/ins_listener/share/ins_listener/local_setup.dsv
[0.061s] -- Symlinking: /home/lsz/ros2_ins_ws/install/ins_listener/share/ins_listener/package.dsv
[0.067s] -- Up-to-date symlink: /home/lsz/ros2_ins_ws/install/ins_listener/share/ament_index/resource_index/packages/ins_listener
[0.067s] -- Up-to-date symlink: /home/lsz/ros2_ins_ws/install/ins_listener/share/ins_listener/cmake/ins_listenerConfig.cmake
[0.067s] -- Up-to-date symlink: /home/lsz/ros2_ins_ws/install/ins_listener/share/ins_listener/cmake/ins_listenerConfig-version.cmake
[0.067s] -- Up-to-date symlink: /home/lsz/ros2_ins_ws/install/ins_listener/share/ins_listener/package.xml
[0.068s] Invoked command in '/home/lsz/ros2_ins_ws/build/ins_listener' returned '0': CMAKE_PREFIX_PATH=/opt/ros/humble /usr/bin/cmake --install /home/lsz/ros2_ins_ws/build/ins_listener
