[0.007s] Invoking command in '/home/lsz/ros2_ins_ws/build/ins_listener': CMAKE_PREFIX_PATH=/opt/ros/humble /usr/bin/cmake --build /home/lsz/ros2_ins_ws/build/ins_listener -- -j8 -l8
[0.040s] [ 50%] Built target gps_subscriber
[0.040s] [ 66%] Built target gps_publisher_from_file
[0.040s] [ 83%] [32mBuilding CXX object CMakeFiles/gps_converter_node.dir/src/gps_converter_node.cpp.o[0m
[6.616s] [100%] [32m[1mLinking CXX executable gps_converter_node[0m
[6.933s] [100%] Built target gps_converter_node
[6.940s] Invoked command in '/home/lsz/ros2_ins_ws/build/ins_listener' returned '0': CMAKE_PREFIX_PATH=/opt/ros/humble /usr/bin/cmake --build /home/lsz/ros2_ins_ws/build/ins_listener -- -j8 -l8
[6.946s] Invoking command in '/home/lsz/ros2_ins_ws/build/ins_listener': CMAKE_PREFIX_PATH=/opt/ros/humble /usr/bin/cmake --install /home/lsz/ros2_ins_ws/build/ins_listener
[6.951s] -- Install configuration: ""
[6.951s] -- Up-to-date: /home/lsz/ros2_ins_ws/install/ins_listener/lib/ins_listener/gps_subscriber
[6.951s] -- Installing: /home/lsz/ros2_ins_ws/install/ins_listener/lib/ins_listener/gps_converter_node
[6.954s] -- Set runtime path of "/home/lsz/ros2_ins_ws/install/ins_listener/lib/ins_listener/gps_converter_node" to ""
[6.954s] -- Up-to-date: /home/lsz/ros2_ins_ws/install/ins_listener/lib/ins_listener/gps_publisher_from_file
[6.954s] -- Up-to-date: /home/lsz/ros2_ins_ws/install/ins_listener/share/ament_index/resource_index/package_run_dependencies/ins_listener
[6.954s] -- Up-to-date: /home/lsz/ros2_ins_ws/install/ins_listener/share/ament_index/resource_index/parent_prefix_path/ins_listener
[6.954s] -- Up-to-date: /home/lsz/ros2_ins_ws/install/ins_listener/share/ins_listener/environment/ament_prefix_path.sh
[6.954s] -- Up-to-date: /home/lsz/ros2_ins_ws/install/ins_listener/share/ins_listener/environment/ament_prefix_path.dsv
[6.954s] -- Up-to-date: /home/lsz/ros2_ins_ws/install/ins_listener/share/ins_listener/environment/path.sh
[6.954s] -- Up-to-date: /home/lsz/ros2_ins_ws/install/ins_listener/share/ins_listener/environment/path.dsv
[6.954s] -- Up-to-date: /home/lsz/ros2_ins_ws/install/ins_listener/share/ins_listener/local_setup.bash
[6.954s] -- Up-to-date: /home/lsz/ros2_ins_ws/install/ins_listener/share/ins_listener/local_setup.sh
[6.954s] -- Up-to-date: /home/lsz/ros2_ins_ws/install/ins_listener/share/ins_listener/local_setup.zsh
[6.954s] -- Up-to-date: /home/lsz/ros2_ins_ws/install/ins_listener/share/ins_listener/local_setup.dsv
[6.954s] -- Installing: /home/lsz/ros2_ins_ws/install/ins_listener/share/ins_listener/package.dsv
[6.955s] -- Up-to-date: /home/lsz/ros2_ins_ws/install/ins_listener/share/ament_index/resource_index/packages/ins_listener
[6.955s] -- Up-to-date: /home/lsz/ros2_ins_ws/install/ins_listener/share/ins_listener/cmake/ins_listenerConfig.cmake
[6.955s] -- Up-to-date: /home/lsz/ros2_ins_ws/install/ins_listener/share/ins_listener/cmake/ins_listenerConfig-version.cmake
[6.955s] -- Up-to-date: /home/lsz/ros2_ins_ws/install/ins_listener/share/ins_listener/package.xml
[6.956s] Invoked command in '/home/lsz/ros2_ins_ws/build/ins_listener' returned '0': CMAKE_PREFIX_PATH=/opt/ros/humble /usr/bin/cmake --install /home/lsz/ros2_ins_ws/build/ins_listener
