[0.006s] Invoking command in '/home/lsz/ros2_ins_ws/build/ins_listener': CMAKE_PREFIX_PATH=/opt/ros/humble /usr/bin/cmake --build /home/lsz/ros2_ins_ws/build/ins_listener -- -j8 -l8
[0.022s] -- Found ament_cmake: 1.3.11 (/opt/ros/humble/share/ament_cmake/cmake)
[0.100s] -- Found rclcpp: 16.0.12 (/opt/ros/humble/share/rclcpp/cmake)
[0.117s] -- Found rosidl_generator_c: 3.1.6 (/opt/ros/humble/share/rosidl_generator_c/cmake)
[0.118s] -- Found rosidl_adapter: 3.1.6 (/opt/ros/humble/share/rosidl_adapter/cmake)
[0.122s] -- Found rosidl_generator_cpp: 3.1.6 (/opt/ros/humble/share/rosidl_generator_cpp/cmake)
[0.128s] -- Using all available rosidl_typesupport_c: rosidl_typesupport_fastrtps_c;rosidl_typesupport_introspection_c
[0.136s] -- Using all available rosidl_typesupport_cpp: rosidl_typesupport_fastrtps_cpp;rosidl_typesupport_introspection_cpp
[0.157s] -- Found rmw_implementation_cmake: 6.1.2 (/opt/ros/humble/share/rmw_implementation_cmake/cmake)
[0.157s] -- Found rmw_fastrtps_cpp: 6.2.7 (/opt/ros/humble/share/rmw_fastrtps_cpp/cmake)
[0.221s] -- Using RMW implementation 'rmw_fastrtps_cpp' as default
[0.250s] -- Found sensor_msgs: 4.8.0 (/opt/ros/humble/share/sensor_msgs/cmake)
[0.267s] -- Found tf2: 0.25.12 (/opt/ros/humble/share/tf2/cmake)
[0.269s] -- Found tf2_ros: 0.25.12 (/opt/ros/humble/share/tf2_ros/cmake)
[0.317s] -- Found ament_lint_auto: 0.12.12 (/opt/ros/humble/share/ament_lint_auto/cmake)
[0.360s] -- Added test 'cppcheck' to perform static code analysis on C / C++ code
[0.360s] -- Configured cppcheck include dirs: 
[0.360s] -- Configured cppcheck exclude dirs and/or files: 
[0.361s] -- Added test 'lint_cmake' to check CMake code style
[0.361s] -- Added test 'uncrustify' to check C / C++ code style
[0.361s] -- Configured uncrustify additional arguments: 
[0.361s] -- Added test 'xmllint' to check XML markup files
[0.362s] -- Configuring done
[0.371s] -- Generating done
[0.375s] -- Build files have been written to: /home/lsz/ros2_ins_ws/build/ins_listener
[0.392s] [35m[1mConsolidate compiler generated dependencies of target gps_converter_node[0m
[0.393s] [35m[1mConsolidate compiler generated dependencies of target gps_subscriber[0m
[0.403s] [ 50%] [32mBuilding CXX object CMakeFiles/gps_converter_node.dir/src/gps_converter_node.cpp.o[0m
[0.403s] [ 50%] [32mBuilding CXX object CMakeFiles/gps_subscriber.dir/src/gps_subscriber.cpp.o[0m
[6.028s] [ 75%] [32m[1mLinking CXX executable gps_subscriber[0m
[6.324s] [ 75%] Built target gps_subscriber
[6.814s] [100%] [32m[1mLinking CXX executable gps_converter_node[0m
[7.123s] [100%] Built target gps_converter_node
[7.130s] Invoked command in '/home/lsz/ros2_ins_ws/build/ins_listener' returned '0': CMAKE_PREFIX_PATH=/opt/ros/humble /usr/bin/cmake --build /home/lsz/ros2_ins_ws/build/ins_listener -- -j8 -l8
[7.137s] Invoking command in '/home/lsz/ros2_ins_ws/build/ins_listener': CMAKE_PREFIX_PATH=/opt/ros/humble /usr/bin/cmake --install /home/lsz/ros2_ins_ws/build/ins_listener
[7.141s] -- Install configuration: ""
[7.141s] -- Installing: /home/lsz/ros2_ins_ws/install/ins_listener/lib/ins_listener/gps_subscriber
[7.143s] -- Set runtime path of "/home/lsz/ros2_ins_ws/install/ins_listener/lib/ins_listener/gps_subscriber" to ""
[7.143s] -- Installing: /home/lsz/ros2_ins_ws/install/ins_listener/lib/ins_listener/gps_converter_node
[7.145s] -- Set runtime path of "/home/lsz/ros2_ins_ws/install/ins_listener/lib/ins_listener/gps_converter_node" to ""
[7.145s] -- Up-to-date: /home/lsz/ros2_ins_ws/install/ins_listener/share/ament_index/resource_index/package_run_dependencies/ins_listener
[7.145s] -- Up-to-date: /home/lsz/ros2_ins_ws/install/ins_listener/share/ament_index/resource_index/parent_prefix_path/ins_listener
[7.145s] -- Up-to-date: /home/lsz/ros2_ins_ws/install/ins_listener/share/ins_listener/environment/ament_prefix_path.sh
[7.145s] -- Installing: /home/lsz/ros2_ins_ws/install/ins_listener/share/ins_listener/environment/ament_prefix_path.dsv
[7.146s] -- Up-to-date: /home/lsz/ros2_ins_ws/install/ins_listener/share/ins_listener/environment/path.sh
[7.146s] -- Installing: /home/lsz/ros2_ins_ws/install/ins_listener/share/ins_listener/environment/path.dsv
[7.146s] -- Up-to-date: /home/lsz/ros2_ins_ws/install/ins_listener/share/ins_listener/local_setup.bash
[7.146s] -- Up-to-date: /home/lsz/ros2_ins_ws/install/ins_listener/share/ins_listener/local_setup.sh
[7.146s] -- Up-to-date: /home/lsz/ros2_ins_ws/install/ins_listener/share/ins_listener/local_setup.zsh
[7.146s] -- Installing: /home/lsz/ros2_ins_ws/install/ins_listener/share/ins_listener/local_setup.dsv
[7.146s] -- Installing: /home/lsz/ros2_ins_ws/install/ins_listener/share/ins_listener/package.dsv
[7.146s] -- Up-to-date: /home/lsz/ros2_ins_ws/install/ins_listener/share/ament_index/resource_index/packages/ins_listener
[7.146s] -- Up-to-date: /home/lsz/ros2_ins_ws/install/ins_listener/share/ins_listener/cmake/ins_listenerConfig.cmake
[7.146s] -- Up-to-date: /home/lsz/ros2_ins_ws/install/ins_listener/share/ins_listener/cmake/ins_listenerConfig-version.cmake
[7.146s] -- Installing: /home/lsz/ros2_ins_ws/install/ins_listener/share/ins_listener/package.xml
[7.147s] Invoked command in '/home/lsz/ros2_ins_ws/build/ins_listener' returned '0': CMAKE_PREFIX_PATH=/opt/ros/humble /usr/bin/cmake --install /home/lsz/ros2_ins_ws/build/ins_listener
